{
  "stats": {
    "suites": 1,
    "tests": 1,
    "passes": 1,
    "pending": 0,
    "failures": 0,
    "start": "2025-01-23T17:50:00.964Z",
    "end": "2025-01-23T17:50:04.109Z",
    "duration": 3145,
    "testsRegistered": 1,
    "passPercent": 100,
    "pendingPercent": 0,
    "other": 0,
    "hasOther": false,
    "skipped": 0,
    "hasSkipped": false
  },
  "results": [
    {
      "uuid": "04a45593-996c-48f0-9777-fc633a14ea80",
      "title": "",
      "fullFile": "C:\\Users\\iaguero\\Desktop\\Puppeteer\\tests\\demo.spec.js",
      "file": "\\tests\\demo.spec.js",
      "beforeHooks": [],
      "afterHooks": [],
      "tests": [],
      "suites": [
        {
          "uuid": "b405e320-19f4-4c67-920a-1feaf64a0c05",
          "title": "Puppeteer Demo",
          "fullFile": "C:\\Users\\iaguero\\Desktop\\Puppeteer\\tests\\demo.spec.js",
          "file": "\\tests\\demo.spec.js",
          "beforeHooks": [
            {
              "title": "\"before each\" hook in \"Puppeteer Demo\"",
              "fullTitle": "Puppeteer Demo \"before each\" hook in \"Puppeteer Demo\"",
              "timedOut": false,
              "duration": 1730,
              "state": null,
              "speed": null,
              "pass": false,
              "fail": false,
              "pending": false,
              "context": null,
              "code": "browser = await puppeteer.launch(browserOptions)\npage = await browser.newPage()\nawait page.setViewport(viewportOptions)",
              "err": {},
              "uuid": "c089257e-592e-4c4f-b0a2-f14ef492f436",
              "parentUUID": "b405e320-19f4-4c67-920a-1feaf64a0c05",
              "isHook": true,
              "skipped": false
            }
          ],
          "afterHooks": [
            {
              "title": "\"after each\" hook in \"Puppeteer Demo\"",
              "fullTitle": "Puppeteer Demo \"after each\" hook in \"Puppeteer Demo\"",
              "timedOut": false,
              "duration": 378,
              "state": null,
              "speed": null,
              "pass": false,
              "fail": false,
              "pending": false,
              "context": null,
              "code": "await browser.close()",
              "err": {},
              "uuid": "aeb9061a-f097-42d3-9644-11a6abf0f4af",
              "parentUUID": "b405e320-19f4-4c67-920a-1feaf64a0c05",
              "isHook": true,
              "skipped": false
            }
          ],
          "tests": [
            {
              "title": "File Upload",
              "fullTitle": "Puppeteer Demo File Upload",
              "timedOut": false,
              "duration": 1028,
              "state": "passed",
              "speed": "slow",
              "pass": true,
              "fail": false,
              "pending": false,
              "context": null,
              "code": "await page.goto('https://qa-automation-practice.netlify.app/file-upload')\nconst fileInput = await page.$(\"input[type='file']\")\nconst fileToUpload = 'text.txt'\nawait fileInput.uploadFile(fileToUpload)\nawait page.click(\"button[type='submit']\")\nawait page.waitForSelector('#file_upload_response')\nawait logTitle(page)",
              "err": {},
              "uuid": "c13fd27d-6bd4-4771-9850-4c680cc32030",
              "parentUUID": "b405e320-19f4-4c67-920a-1feaf64a0c05",
              "isHook": false,
              "skipped": false
            }
          ],
          "suites": [],
          "passes": [
            "c13fd27d-6bd4-4771-9850-4c680cc32030"
          ],
          "failures": [],
          "pending": [],
          "skipped": [],
          "duration": 1028,
          "root": false,
          "rootEmpty": false,
          "_timeout": 30000
        }
      ],
      "passes": [],
      "failures": [],
      "pending": [],
      "skipped": [],
      "duration": 0,
      "root": true,
      "rootEmpty": true,
      "_timeout": 30000
    }
  ],
  "meta": {
    "mocha": {
      "version": "11.1.0"
    },
    "mochawesome": {
      "options": {
        "quiet": false,
        "reportFilename": "mochawesome",
        "saveHtml": true,
        "saveJson": true,
        "consoleReporter": "spec",
        "useInlineDiffs": false,
        "code": true
      },
      "version": "7.1.3"
    },
    "marge": {
      "options": null,
      "version": "6.2.0"
    }
  }
}